app/build/intermediates/manifest_merge_blame_file/debug/manifest-merger-blame-debug-report.txt
1<?xml version="1.0" encoding="utf-8"?>
2<manifest xmlns:android="http://schemas.android.com/apk/res/android"
3    package="com.example.videonotesph1"
4    android:versionCode="1"
5    android:versionName="1.0" >
6
7    <uses-sdk
8        android:minSdkVersion="21"
8-->src\main\AndroidManifest.xml
9        android:targetSdkVersion="26" />
9-->src\main\AndroidManifest.xml
10
11    <uses-permission android:name="android.permission.INTERNET" />
11-->src\main\AndroidManifest.xml:6:5-67
11-->src\main\AndroidManifest.xml:6:22-64
12    <uses-permission android:name="android.permission.READ_EXTERNAL_STORAGE" />
12-->src\main\AndroidManifest.xml:7:5-79
12-->src\main\AndroidManifest.xml:7:22-77
13    <uses-permission android:name="android.permission.WRITE_EXTERNAL_STORAGE" />
13-->src\main\AndroidManifest.xml:8:5-80
13-->src\main\AndroidManifest.xml:8:22-78
14
15    <application
15-->src\main\AndroidManifest.xml:10:5-38:19
16        android:allowBackup="true"
16-->src\main\AndroidManifest.xml:11:9-35
17        android:appComponentFactory="androidx.core.app.CoreComponentFactory"
17-->[androidx.core:core:1.7.0-alpha01] AndroidManifest.xml:24:18-86
18        android:debuggable="true"
19        android:icon="@mipmap/ic_launcher"
19-->src\main\AndroidManifest.xml:12:9-43
20        android:label="@string/app_name"
20-->src\main\AndroidManifest.xml:13:9-41
21        android:roundIcon="@mipmap/ic_launcher_round"
21-->src\main\AndroidManifest.xml:14:9-54
22        android:supportsRtl="true"
22-->src\main\AndroidManifest.xml:15:9-35
23        android:testOnly="true"
24        android:theme="@style/AppTheme" >
24-->src\main\AndroidManifest.xml:16:9-40
25        <activity
25-->src\main\AndroidManifest.xml:17:9-19:65
26            android:name="com.example.videonotesph1.MainActivity"
26-->src\main\AndroidManifest.xml:17:19-47
27            android:screenOrientation="portrait" />
27-->src\main\AndroidManifest.xml:18:13-49
28        <activity
28-->src\main\AndroidManifest.xml:20:9-23:56
29            android:name="com.example.videonotesph1.Canvas_videoplayer_activity"
29-->src\main\AndroidManifest.xml:21:13-56
30            android:screenOrientation="portrait" />
30-->src\main\AndroidManifest.xml:22:13-49
31        <activity
31-->src\main\AndroidManifest.xml:24:9-37:20
32            android:name="com.example.videonotesph1.HomeScreenGridLayout"
32-->src\main\AndroidManifest.xml:25:13-49
33            android:screenOrientation="portrait" >
33-->src\main\AndroidManifest.xml:26:13-49
34            <intent-filter>
34-->src\main\AndroidManifest.xml:28:13-31:29
35                <action android:name="android.intent.action.MAIN" />
35-->src\main\AndroidManifest.xml:29:17-69
35-->src\main\AndroidManifest.xml:29:25-66
36
37                <category android:name="android.intent.category.LAUNCHER" />
37-->src\main\AndroidManifest.xml:30:17-77
37-->src\main\AndroidManifest.xml:30:27-74
38            </intent-filter>
39            <intent-filter>
39-->src\main\AndroidManifest.xml:32:13-36:29
40                <action android:name="android.intent.action.SEND" />
40-->src\main\AndroidManifest.xml:33:17-69
40-->src\main\AndroidManifest.xml:33:25-66
41
42                <category android:name="android.intent.category.DEFAULT" />
42-->src\main\AndroidManifest.xml:34:17-76
42-->src\main\AndroidManifest.xml:34:27-73
43
44                <data
44-->src\main\AndroidManifest.xml:35:17-82
45                    android:host="www.youtube.com"
45-->src\main\AndroidManifest.xml:35:23-53
46                    android:mimeType="text/*" />
46-->src\main\AndroidManifest.xml:35:54-79
47            </intent-filter>
48        </activity>
49        <activity
49-->[:draw] AndroidManifest.xml:12:9-14:66
50            android:name="com.divyanshu.draw.activity.DrawingActivity"
50-->[:draw] AndroidManifest.xml:13:13-71
51            android:theme="@style/Theme.AppCompat.NoActionBar" />
51-->[:draw] AndroidManifest.xml:14:13-63
52
53        <service
53-->[androidx.room:room-runtime:2.2.5] AndroidManifest.xml:25:9-28:40
54            android:name="androidx.room.MultiInstanceInvalidationService"
54-->[androidx.room:room-runtime:2.2.5] AndroidManifest.xml:26:13-74
55            android:directBootAware="true"
55-->[androidx.room:room-runtime:2.2.5] AndroidManifest.xml:27:13-43
56            android:exported="false" />
56-->[androidx.room:room-runtime:2.2.5] AndroidManifest.xml:28:13-37
57    </application>
58
59</manifest>